<?xml version="1.0" encoding="UTF-8"?>
<!-- Generated by org.testng.reporters.JUnitReportReporter -->
<testsuite skipped="0" hostname="EG5CG9024Y3Y" name="tests.SelSubCategToPayTest" tests="5" failures="0" timestamp="19 Jul 2020 08:39:25 GMT" time="29.730" errors="0">
  <testcase name="select_SubCategory" time="12.287" classname="tests.SelSubCategToPayTest"/>
  <testcase name="selectResult" time="1.488" classname="tests.SelSubCategToPayTest"/>
  <testcase name="checkoutProcedure" time="5.386" classname="tests.SelSubCategToPayTest"/>
  <testcase name="clickBankByWire" time="3.132" classname="tests.SelSubCategToPayTest"/>
  <testcase name="orderHistory" time="7.437" classname="tests.SelSubCategToPayTest"/>
</testsuite> <!-- tests.SelSubCategToPayTest -->
