<?xml version="1.0" encoding="UTF-8"?>
<!-- Generated by org.testng.reporters.JUnitReportReporter -->
<testsuite skipped="0" hostname="EG5CG9024Y3Y" name="tests.SelectSubCategoryTest" tests="5" failures="0" timestamp="18 Jul 2020 15:28:51 GMT" time="38.377" errors="0">
  <testcase name="select_SubCategory" time="17.676" classname="tests.SelectSubCategoryTest"/>
  <testcase name="selectResult" time="1.452" classname="tests.SelectSubCategoryTest"/>
  <testcase name="checkoutProcedure" time="7.091" classname="tests.SelectSubCategoryTest"/>
  <testcase name="clickBankByWire" time="5.294" classname="tests.SelectSubCategoryTest"/>
  <testcase name="orderHistory" time="6.864" classname="tests.SelectSubCategoryTest"/>
</testsuite> <!-- tests.SelectSubCategoryTest -->
