<?xml version="1.0" encoding="UTF-8"?>
<!-- Generated by org.testng.reporters.JUnitReportReporter -->
<testsuite skipped="0" hostname="EG5CG9024Y3Y" name="tests.LoginTest" tests="1" failures="0" timestamp="19 Jul 2020 08:41:25 GMT" time="11.183" errors="0">
  <testcase name="login" time="11.183" classname="tests.LoginTest"/>
</testsuite> <!-- tests.LoginTest -->
