<?xml version="1.0" encoding="UTF-8"?>
<!-- Generated by org.testng.reporters.JUnitReportReporter -->
<testsuite skipped="0" hostname="EG5CG9024Y3Y" name="tests.CreateUser" tests="1" failures="0" timestamp="16 Jul 2020 18:57:13 GMT" time="13.678" errors="0">
  <testcase name="test" time="13.678" classname="tests.CreateUser"/>
</testsuite> <!-- tests.CreateUser -->
