<?xml version="1.0" encoding="UTF-8"?>
<!-- Generated by org.testng.reporters.JUnitReportReporter -->
<testsuite hostname="EG5CG9024Y3Y" failures="0" tests="1" name="tests.CreateUserTest" time="38.069" errors="0" timestamp="28 Nov 2020 17:38:49 GMT" skipped="0">
  <testcase classname="tests.CreateUserTest" name="createUser" time="38.069"/>
</testsuite> <!-- tests.CreateUserTest -->
